<?xml version="1.0" encoding="UTF-8"?>
<!-- Generated by org.testng.reporters.JUnitReportReporter -->
<testsuite hostname="RAJESH" name="com.amazon.testcases.AmazonHomeTest" tests="1" failures="0" timestamp="1 Apr 2024 09:32:38 GMT" time="41.464" errors="0">
  <testcase name="multiItemsTest" time="41.464" classname="com.amazon.testcases.AmazonHomeTest"/>
</testsuite> <!-- com.amazon.testcases.AmazonHomeTest -->
